#
# There is insufficient memory for the Java Runtime Environment to continue.
# Native memory allocation (mmap) failed to map 221249536 bytes for G1 virtual space
# Possible reasons:
#   The system is out of physical RAM or swap space
#   The process is running with CompressedOops enabled, and the Java Heap may be blocking the growth of the native heap
# Possible solutions:
#   Reduce memory load on the system
#   Increase physical memory or swap space
#   Check if swap backing store is full
#   Decrease Java heap size (-Xmx/-Xms)
#   Decrease number of Java threads
#   Decrease Java thread stack sizes (-Xss)
#   Set larger code cache with -XX:ReservedCodeCacheSize=
#   JVM is running with Unscaled Compressed Oops mode in which the Java heap is
#     placed in the first 4GB address space. The Java Heap base address is the
#     maximum limit for the native heap growth. Please use -XX:HeapBaseMinAddress
#     to set the Java Heap base and to place the Java Heap above 4GB virtual address.
# This output file may be truncated or incomplete.
#
#  Out of Memory Error (os_windows.cpp:3769), pid=24044, tid=31352
#
# JRE version: OpenJDK Runtime Environment (17.0.6) (build 17.0.6+0-b2043.56-10027231)
# Java VM: OpenJDK 64-Bit Server VM (17.0.6+0-b2043.56-10027231, mixed mode, tiered, compressed oops, compressed class ptrs, g1 gc, windows-amd64)
# No core dump will be written. Minidumps are not enabled by default on client versions of Windows
#

---------------  S U M M A R Y ------------

Command Line: org.jetbrains.kotlin.cli.jvm.K2JVMCompiler @C:\Users\jtm06\AndroidStudioProjects\cmong_pilates_attendance_project\presentation\build\20241227_18080313670707012381.compiler.options

Host: Intel(R) Core(TM) i5-8250U CPU @ 1.60GHz, 8 cores, 7G,  Windows 11 , 64 bit Build 22621 (10.0.22621.4391)
Time: Fri Dec 27 15:47:48 2024  Windows 11 , 64 bit Build 22621 (10.0.22621.4391) elapsed time: 26.157390 seconds (0d 0h 0m 26s)

---------------  T H R E A D  ---------------

Current thread (0x00000285e4da0640):  VMThread "VM Thread" [stack: 0x000000d509300000,0x000000d509400000] [id=31352]

Stack: [0x000000d509300000,0x000000d509400000]
Native frames: (J=compiled Java code, j=interpreted, Vv=VM code, C=native code)
V  [jvm.dll+0x683c9a]
V  [jvm.dll+0x8427a4]
V  [jvm.dll+0x843f9e]
V  [jvm.dll+0x844603]
V  [jvm.dll+0x249b75]
V  [jvm.dll+0x680b69]
V  [jvm.dll+0x67505a]
V  [jvm.dll+0x309acb]
V  [jvm.dll+0x310f86]
V  [jvm.dll+0x3608ee]
V  [jvm.dll+0x360b1f]
V  [jvm.dll+0x2dfbf8]
V  [jvm.dll+0x2ddec4]
V  [jvm.dll+0x2dd4cc]
V  [jvm.dll+0x321f3b]
V  [jvm.dll+0x848ccb]
V  [jvm.dll+0x849a04]
V  [jvm.dll+0x849f1d]
V  [jvm.dll+0x84a2f4]
V  [jvm.dll+0x84a3c0]
V  [jvm.dll+0x7f274a]
V  [jvm.dll+0x682ad5]
C  [ucrtbase.dll+0x29333]
C  [KERNEL32.DLL+0x1259d]
C  [ntdll.dll+0x5af38]

VM_Operation (0x000000d508dfae30): G1CollectForAllocation, mode: safepoint, requested by thread 0x00000285cafcf160


---------------  P R O C E S S  ---------------

Threads class SMR info:
_java_thread_list=0x00000285e90188b0, length=14, elements={
0x00000285cafcf160, 0x00000285e5813260, 0x00000285e5814870, 0x00000285e4db4e80,
0x00000285e4db7c40, 0x00000285e583b000, 0x00000285e583f560, 0x00000285e5842760,
0x00000285e5843200, 0x00000285e5844b70, 0x00000285e59d96d0, 0x00000285e59f1010,
0x00000285e8f10d40, 0x00000285e901ee50
}

Java Threads: ( => current thread )
  0x00000285cafcf160 JavaThread "main" [_thread_blocked, id=12388, stack(0x000000d508d00000,0x000000d508e00000)]
  0x00000285e5813260 JavaThread "Reference Handler" daemon [_thread_blocked, id=26196, stack(0x000000d509400000,0x000000d509500000)]
  0x00000285e5814870 JavaThread "Finalizer" daemon [_thread_blocked, id=25176, stack(0x000000d509500000,0x000000d509600000)]
  0x00000285e4db4e80 JavaThread "Signal Dispatcher" daemon [_thread_blocked, id=28556, stack(0x000000d509600000,0x000000d509700000)]
  0x00000285e4db7c40 JavaThread "Attach Listener" daemon [_thread_blocked, id=15212, stack(0x000000d509700000,0x000000d509800000)]
  0x00000285e583b000 JavaThread "Service Thread" daemon [_thread_blocked, id=24188, stack(0x000000d509800000,0x000000d509900000)]
  0x00000285e583f560 JavaThread "Monitor Deflation Thread" daemon [_thread_blocked, id=29436, stack(0x000000d509900000,0x000000d509a00000)]
  0x00000285e5842760 JavaThread "C2 CompilerThread0" daemon [_thread_blocked, id=25484, stack(0x000000d509a00000,0x000000d509b00000)]
  0x00000285e5843200 JavaThread "C1 CompilerThread0" daemon [_thread_blocked, id=31312, stack(0x000000d509b00000,0x000000d509c00000)]
  0x00000285e5844b70 JavaThread "Sweeper thread" daemon [_thread_blocked, id=28996, stack(0x000000d509c00000,0x000000d509d00000)]
  0x00000285e59d96d0 JavaThread "Notification Thread" daemon [_thread_blocked, id=20104, stack(0x000000d509d00000,0x000000d509e00000)]
  0x00000285e59f1010 JavaThread "Common-Cleaner" daemon [_thread_blocked, id=27928, stack(0x000000d509f00000,0x000000d50a000000)]
  0x00000285e8f10d40 JavaThread "C2 CompilerThread1" daemon [_thread_blocked, id=12676, stack(0x000000d50a000000,0x000000d50a100000)]
  0x00000285e901ee50 JavaThread "C2 CompilerThread2" daemon [_thread_blocked, id=25648, stack(0x000000d50a900000,0x000000d50aa00000)]

Other Threads:
=>0x00000285e4da0640 VMThread "VM Thread" [stack: 0x000000d509300000,0x000000d509400000] [id=31352]
  0x00000285cb04f680 WatcherThread [stack: 0x000000d509e00000,0x000000d509f00000] [id=27456]
  0x00000285cb02c890 GCTaskThread "GC Thread#0" [stack: 0x000000d508e00000,0x000000d508f00000] [id=21148]
  0x00000285e5efd7f0 GCTaskThread "GC Thread#1" [stack: 0x000000d50a100000,0x000000d50a200000] [id=27720]
  0x00000285e5efdaa0 GCTaskThread "GC Thread#2" [stack: 0x000000d50a200000,0x000000d50a300000] [id=28644]
  0x00000285e5ffc7e0 GCTaskThread "GC Thread#3" [stack: 0x000000d50a300000,0x000000d50a400000] [id=20868]
  0x00000285e5ffcea0 GCTaskThread "GC Thread#4" [stack: 0x000000d50a400000,0x000000d50a500000] [id=25712]
  0x00000285e7444d70 GCTaskThread "GC Thread#5" [stack: 0x000000d50a500000,0x000000d50a600000] [id=25200]
  0x00000285e74462f0 GCTaskThread "GC Thread#6" [stack: 0x000000d50a600000,0x000000d50a700000] [id=27320]
  0x00000285e74452d0 GCTaskThread "GC Thread#7" [stack: 0x000000d50a700000,0x000000d50a800000] [id=18280]
  0x00000285cb03ecc0 ConcurrentGCThread "G1 Main Marker" [stack: 0x000000d508f00000,0x000000d509000000] [id=6220]
  0x00000285cb03f6d0 ConcurrentGCThread "G1 Conc#0" [stack: 0x000000d509000000,0x000000d509100000] [id=31632]
  0x00000285e7446850 ConcurrentGCThread "G1 Conc#1" [stack: 0x000000d50a800000,0x000000d50a900000] [id=18988]
  0x00000285cb08e050 ConcurrentGCThread "G1 Refine#0" [stack: 0x000000d509100000,0x000000d509200000] [id=20636]
  0x00000285e5c7e490 ConcurrentGCThread "G1 Refine#1" [stack: 0x000000d50aa00000,0x000000d50ab00000] [id=16692]
  0x00000285e5c7d070 ConcurrentGCThread "G1 Refine#2" [stack: 0x000000d50ab00000,0x000000d50ac00000] [id=26028]
  0x00000285e5c7d350 ConcurrentGCThread "G1 Refine#3" [stack: 0x000000d50ac00000,0x000000d50ad00000] [id=28984]
  0x00000285e5c7f5d0 ConcurrentGCThread "G1 Refine#4" [stack: 0x000000d50ad00000,0x000000d50ae00000] [id=28080]
  0x00000285e5c7d910 ConcurrentGCThread "G1 Refine#5" [stack: 0x000000d50ae00000,0x000000d50af00000] [id=27452]
  0x00000285cb08ea70 ConcurrentGCThread "G1 Service" [stack: 0x000000d509200000,0x000000d509300000] [id=8208]

Threads with active compile tasks:

VM state: at safepoint (normal execution)

VM Mutex/Monitor currently owned by a thread:  ([mutex/lock_event])
[0x00000285cafc9bb0] Threads_lock - owner thread: 0x00000285e4da0640
[0x00000285cafcb7d0] Heap_lock - owner thread: 0x00000285cafcf160

Heap address: 0x0000000081600000, size: 2026 MB, Compressed Oops mode: 32-bit

CDS archive(s) not mapped
Compressed class space mapped at: 0x0000000100000000-0x0000000140000000, reserved size: 1073741824
Narrow klass base: 0x0000000000000000, Narrow klass shift: 3, Narrow klass range: 0x140000000

GC Precious Log:
 CPUs: 8 total, 8 available
 Memory: 8100M
 Large Page Support: Disabled
 NUMA Support: Disabled
 Compressed Oops: Enabled (32-bit)
 Heap Region Size: 1M
 Heap Min Capacity: 8M
 Heap Initial Capacity: 128M
 Heap Max Capacity: 2026M
 Pre-touch: Disabled
 Parallel Workers: 8
 Concurrent Workers: 2
 Concurrent Refinement Workers: 8
 Periodic GC: Disabled

Heap:
 garbage-first heap   total 188416K, used 119732K [0x0000000081600000, 0x0000000100000000)
  region size 1024K, 2 young (2048K), 2 survivors (2048K)
 Metaspace       used 81376K, committed 81792K, reserved 1122304K
  class space    used 9018K, committed 9216K, reserved 1048576K

Heap Regions: E=young(eden), S=young(survivor), O=old, HS=humongous(starts), HC=humongous(continues), CS=collection set, F=free, OA=open archive, CA=closed archive, TAMS=top-at-mark-start (previous, next)
|   0|0x0000000081600000, 0x0000000081700000, 0x0000000081700000|100%|HS|  |TAMS 0x0000000081700000, 0x0000000081600000| Complete 
|   1|0x0000000081700000, 0x0000000081800000, 0x0000000081800000|100%|HC|  |TAMS 0x0000000081800000, 0x0000000081700000| Complete 
|   2|0x0000000081800000, 0x0000000081900000, 0x0000000081900000|100%|HC|  |TAMS 0x0000000081900000, 0x0000000081800000| Complete 
|   3|0x0000000081900000, 0x0000000081a00000, 0x0000000081a00000|100%|HC|  |TAMS 0x0000000081a00000, 0x0000000081900000| Complete 
|   4|0x0000000081a00000, 0x0000000081b00000, 0x0000000081b00000|100%| O|  |TAMS 0x0000000081b00000, 0x0000000081a00000| Untracked 
|   5|0x0000000081b00000, 0x0000000081c00000, 0x0000000081c00000|100%| O|  |TAMS 0x0000000081c00000, 0x0000000081b00000| Untracked 
|   6|0x0000000081c00000, 0x0000000081d00000, 0x0000000081d00000|100%| O|  |TAMS 0x0000000081d00000, 0x0000000081c00000| Untracked 
|   7|0x0000000081d00000, 0x0000000081e00000, 0x0000000081e00000|100%| O|  |TAMS 0x0000000081e00000, 0x0000000081d00000| Untracked 
|   8|0x0000000081e00000, 0x0000000081f00000, 0x0000000081f00000|100%| O|  |TAMS 0x0000000081f00000, 0x0000000081e00000| Untracked 
|   9|0x0000000081f00000, 0x0000000082000000, 0x0000000082000000|100%| O|  |TAMS 0x0000000082000000, 0x0000000081f00000| Untracked 
|  10|0x0000000082000000, 0x0000000082100000, 0x0000000082100000|100%| O|  |TAMS 0x0000000082100000, 0x0000000082000000| Untracked 
|  11|0x0000000082100000, 0x0000000082200000, 0x0000000082200000|100%| O|  |TAMS 0x0000000082200000, 0x0000000082100000| Untracked 
|  12|0x0000000082200000, 0x0000000082300000, 0x0000000082300000|100%| O|  |TAMS 0x0000000082300000, 0x0000000082200000| Untracked 
|  13|0x0000000082300000, 0x0000000082400000, 0x0000000082400000|100%| O|  |TAMS 0x0000000082400000, 0x0000000082300000| Untracked 
|  14|0x0000000082400000, 0x0000000082500000, 0x0000000082500000|100%| O|  |TAMS 0x0000000082500000, 0x0000000082400000| Untracked 
|  15|0x0000000082500000, 0x0000000082600000, 0x0000000082600000|100%| O|  |TAMS 0x0000000082600000, 0x0000000082500000| Untracked 
|  16|0x0000000082600000, 0x0000000082700000, 0x0000000082700000|100%| O|  |TAMS 0x0000000082700000, 0x0000000082600000| Untracked 
|  17|0x0000000082700000, 0x0000000082800000, 0x0000000082800000|100%| O|  |TAMS 0x0000000082800000, 0x0000000082700000| Untracked 
|  18|0x0000000082800000, 0x0000000082900000, 0x0000000082900000|100%| O|  |TAMS 0x0000000082900000, 0x0000000082800000| Untracked 
|  19|0x0000000082900000, 0x0000000082a00000, 0x0000000082a00000|100%| O|  |TAMS 0x0000000082a00000, 0x0000000082900000| Untracked 
|  20|0x0000000082a00000, 0x0000000082b00000, 0x0000000082b00000|100%| O|  |TAMS 0x0000000082b00000, 0x0000000082a00000| Untracked 
|  21|0x0000000082b00000, 0x0000000082c00000, 0x0000000082c00000|100%| O|  |TAMS 0x0000000082c00000, 0x0000000082b00000| Untracked 
|  22|0x0000000082c00000, 0x0000000082d00000, 0x0000000082d00000|100%| O|  |TAMS 0x0000000082d00000, 0x0000000082c00000| Untracked 
|  23|0x0000000082d00000, 0x0000000082e00000, 0x0000000082e00000|100%|HS|  |TAMS 0x0000000082e00000, 0x0000000082d00000| Complete 
|  24|0x0000000082e00000, 0x0000000082f00000, 0x0000000082f00000|100%|HC|  |TAMS 0x0000000082f00000, 0x0000000082e00000| Complete 
|  25|0x0000000082f00000, 0x0000000083000000, 0x0000000083000000|100%| O|  |TAMS 0x0000000083000000, 0x0000000082f00000| Untracked 
|  26|0x0000000083000000, 0x0000000083100000, 0x0000000083100000|100%| O|  |TAMS 0x0000000083100000, 0x0000000083000000| Untracked 
|  27|0x0000000083100000, 0x0000000083200000, 0x0000000083200000|100%| O|  |TAMS 0x0000000083200000, 0x0000000083100000| Untracked 
|  28|0x0000000083200000, 0x0000000083300000, 0x0000000083300000|100%| O|  |TAMS 0x0000000083300000, 0x0000000083200000| Untracked 
|  29|0x0000000083300000, 0x0000000083400000, 0x0000000083400000|100%| O|  |TAMS 0x0000000083400000, 0x0000000083300000| Untracked 
|  30|0x0000000083400000, 0x0000000083500000, 0x0000000083500000|100%| O|  |TAMS 0x0000000083500000, 0x0000000083400000| Untracked 
|  31|0x0000000083500000, 0x0000000083600000, 0x0000000083600000|100%| O|  |TAMS 0x0000000083600000, 0x0000000083500000| Untracked 
|  32|0x0000000083600000, 0x0000000083700000, 0x0000000083700000|100%| O|  |TAMS 0x0000000083700000, 0x0000000083600000| Untracked 
|  33|0x0000000083700000, 0x0000000083800000, 0x0000000083800000|100%| O|  |TAMS 0x0000000083800000, 0x0000000083700000| Untracked 
|  34|0x0000000083800000, 0x0000000083900000, 0x0000000083900000|100%| O|  |TAMS 0x0000000083900000, 0x0000000083800000| Untracked 
|  35|0x0000000083900000, 0x0000000083a00000, 0x0000000083a00000|100%| O|  |TAMS 0x0000000083a00000, 0x0000000083900000| Untracked 
|  36|0x0000000083a00000, 0x0000000083b00000, 0x0000000083b00000|100%| O|  |TAMS 0x0000000083a00000, 0x0000000083a00000| Untracked 
|  37|0x0000000083b00000, 0x0000000083c00000, 0x0000000083c00000|100%| O|  |TAMS 0x0000000083c00000, 0x0000000083b00000| Untracked 
|  38|0x0000000083c00000, 0x0000000083d00000, 0x0000000083d00000|100%| O|  |TAMS 0x0000000083d00000, 0x0000000083c00000| Untracked 
|  39|0x0000000083d00000, 0x0000000083e00000, 0x0000000083e00000|100%| O|  |TAMS 0x0000000083e00000, 0x0000000083d00000| Untracked 
|  40|0x0000000083e00000, 0x0000000083f00000, 0x0000000083f00000|100%| O|  |TAMS 0x0000000083f00000, 0x0000000083e00000| Untracked 
|  41|0x0000000083f00000, 0x0000000084000000, 0x0000000084000000|100%| O|  |TAMS 0x0000000084000000, 0x0000000083f00000| Untracked 
|  42|0x0000000084000000, 0x0000000084100000, 0x0000000084100000|100%| O|  |TAMS 0x0000000084100000, 0x0000000084000000| Untracked 
|  43|0x0000000084100000, 0x0000000084200000, 0x0000000084200000|100%| O|  |TAMS 0x0000000084200000, 0x0000000084100000| Untracked 
|  44|0x0000000084200000, 0x0000000084300000, 0x0000000084300000|100%| O|  |TAMS 0x0000000084300000, 0x0000000084200000| Untracked 
|  45|0x0000000084300000, 0x0000000084400000, 0x0000000084400000|100%| O|  |TAMS 0x0000000084400000, 0x0000000084300000| Untracked 
|  46|0x0000000084400000, 0x0000000084500000, 0x0000000084500000|100%| O|  |TAMS 0x0000000084500000, 0x0000000084400000| Untracked 
|  47|0x0000000084500000, 0x0000000084600000, 0x0000000084600000|100%| O|  |TAMS 0x0000000084600000, 0x0000000084500000| Untracked 
|  48|0x0000000084600000, 0x0000000084700000, 0x0000000084700000|100%| O|  |TAMS 0x0000000084620c00, 0x0000000084600000| Untracked 
|  49|0x0000000084700000, 0x0000000084800000, 0x0000000084800000|100%| O|  |TAMS 0x0000000084700000, 0x0000000084700000| Untracked 
|  50|0x0000000084800000, 0x0000000084900000, 0x0000000084900000|100%| O|  |TAMS 0x0000000084800000, 0x0000000084800000| Untracked 
|  51|0x0000000084900000, 0x0000000084a00000, 0x0000000084a00000|100%| O|  |TAMS 0x0000000084900000, 0x0000000084900000| Untracked 
|  52|0x0000000084a00000, 0x0000000084b00000, 0x0000000084b00000|100%| O|  |TAMS 0x0000000084a00000, 0x0000000084a00000| Untracked 
|  53|0x0000000084b00000, 0x0000000084c00000, 0x0000000084c00000|100%| O|  |TAMS 0x0000000084b00000, 0x0000000084b00000| Untracked 
|  54|0x0000000084c00000, 0x0000000084d00000, 0x0000000084d00000|100%| O|  |TAMS 0x0000000084c00000, 0x0000000084c00000| Untracked 
|  55|0x0000000084d00000, 0x0000000084e00000, 0x0000000084e00000|100%| O|  |TAMS 0x0000000084d00000, 0x0000000084d00000| Untracked 
|  56|0x0000000084e00000, 0x0000000084f00000, 0x0000000084f00000|100%| O|  |TAMS 0x0000000084e00000, 0x0000000084e00000| Untracked 
|  57|0x0000000084f00000, 0x0000000085000000, 0x0000000085000000|100%| O|  |TAMS 0x0000000084f00000, 0x0000000084f00000| Untracked 
|  58|0x0000000085000000, 0x0000000085100000, 0x0000000085100000|100%| O|  |TAMS 0x0000000085000000, 0x0000000085000000| Untracked 
|  59|0x0000000085100000, 0x0000000085200000, 0x0000000085200000|100%| O|  |TAMS 0x0000000085100000, 0x0000000085100000| Untracked 
|  60|0x0000000085200000, 0x0000000085300000, 0x0000000085300000|100%|HS|  |TAMS 0x0000000085200000, 0x0000000085200000| Complete 
|  61|0x0000000085300000, 0x0000000085400000, 0x0000000085400000|100%|HC|  |TAMS 0x0000000085300000, 0x0000000085300000| Complete 
|  62|0x0000000085400000, 0x0000000085500000, 0x0000000085500000|100%| O|  |TAMS 0x0000000085400000, 0x0000000085400000| Untracked 
|  63|0x0000000085500000, 0x0000000085600000, 0x0000000085600000|100%| O|  |TAMS 0x0000000085500000, 0x0000000085500000| Untracked 
|  64|0x0000000085600000, 0x0000000085700000, 0x0000000085700000|100%| O|  |TAMS 0x0000000085600000, 0x0000000085600000| Untracked 
|  65|0x0000000085700000, 0x0000000085800000, 0x0000000085800000|100%| O|  |TAMS 0x0000000085700000, 0x0000000085700000| Untracked 
|  66|0x0000000085800000, 0x0000000085900000, 0x0000000085900000|100%| O|  |TAMS 0x0000000085800000, 0x0000000085800000| Untracked 
|  67|0x0000000085900000, 0x0000000085a00000, 0x0000000085a00000|100%| O|  |TAMS 0x0000000085900000, 0x0000000085900000| Untracked 
|  68|0x0000000085a00000, 0x0000000085b00000, 0x0000000085b00000|100%| O|  |TAMS 0x0000000085a00000, 0x0000000085a00000| Untracked 
|  69|0x0000000085b00000, 0x0000000085c00000, 0x0000000085c00000|100%| O|  |TAMS 0x0000000085b00000, 0x0000000085b00000| Untracked 
|  70|0x0000000085c00000, 0x0000000085d00000, 0x0000000085d00000|100%| O|  |TAMS 0x0000000085c00000, 0x0000000085c00000| Untracked 
|  71|0x0000000085d00000, 0x0000000085e00000, 0x0000000085e00000|100%| O|  |TAMS 0x0000000085d00000, 0x0000000085d00000| Untracked 
|  72|0x0000000085e00000, 0x0000000085f00000, 0x0000000085f00000|100%| O|  |TAMS 0x0000000085e00000, 0x0000000085e00000| Untracked 
|  73|0x0000000085f00000, 0x0000000086000000, 0x0000000086000000|100%| O|  |TAMS 0x0000000085f00000, 0x0000000085f00000| Untracked 
|  74|0x0000000086000000, 0x0000000086100000, 0x0000000086100000|100%| O|  |TAMS 0x0000000086000000, 0x0000000086000000| Untracked 
|  75|0x0000000086100000, 0x0000000086200000, 0x0000000086200000|100%| O|  |TAMS 0x0000000086100000, 0x0000000086100000| Untracked 
|  76|0x0000000086200000, 0x0000000086300000, 0x0000000086300000|100%| O|  |TAMS 0x0000000086200000, 0x0000000086200000| Untracked 
|  77|0x0000000086300000, 0x0000000086400000, 0x0000000086400000|100%| O|  |TAMS 0x0000000086300000, 0x0000000086300000| Untracked 
|  78|0x0000000086400000, 0x0000000086500000, 0x0000000086500000|100%| O|  |TAMS 0x0000000086400000, 0x0000000086400000| Untracked 
|  79|0x0000000086500000, 0x0000000086600000, 0x0000000086600000|100%| O|  |TAMS 0x0000000086500000, 0x0000000086500000| Untracked 
|  80|0x0000000086600000, 0x0000000086700000, 0x0000000086700000|100%| O|  |TAMS 0x0000000086600000, 0x0000000086600000| Untracked 
|  81|0x0000000086700000, 0x0000000086800000, 0x0000000086800000|100%| O|  |TAMS 0x0000000086700000, 0x0000000086700000| Untracked 
|  82|0x0000000086800000, 0x0000000086900000, 0x0000000086900000|100%| O|  |TAMS 0x0000000086800000, 0x0000000086800000| Untracked 
|  83|0x0000000086900000, 0x0000000086a00000, 0x0000000086a00000|100%| O|  |TAMS 0x0000000086900000, 0x0000000086900000| Untracked 
|  84|0x0000000086a00000, 0x0000000086b00000, 0x0000000086b00000|100%| O|  |TAMS 0x0000000086a00000, 0x0000000086a00000| Untracked 
|  85|0x0000000086b00000, 0x0000000086c00000, 0x0000000086c00000|100%| O|  |TAMS 0x0000000086b00000, 0x0000000086b00000| Untracked 
|  86|0x0000000086c00000, 0x0000000086d00000, 0x0000000086d00000|100%| O|  |TAMS 0x0000000086c00000, 0x0000000086c00000| Untracked 
|  87|0x0000000086d00000, 0x0000000086e00000, 0x0000000086e00000|100%| O|  |TAMS 0x0000000086d00000, 0x0000000086d00000| Untracked 
|  88|0x0000000086e00000, 0x0000000086f00000, 0x0000000086f00000|100%| O|  |TAMS 0x0000000086e00000, 0x0000000086e00000| Untracked 
|  89|0x0000000086f00000, 0x0000000087000000, 0x0000000087000000|100%| O|  |TAMS 0x0000000086f00000, 0x0000000086f00000| Untracked 
|  90|0x0000000087000000, 0x0000000087100000, 0x0000000087100000|100%| O|  |TAMS 0x0000000087000000, 0x0000000087000000| Untracked 
|  91|0x0000000087100000, 0x0000000087200000, 0x0000000087200000|100%| O|  |TAMS 0x0000000087100000, 0x0000000087100000| Untracked 
|  92|0x0000000087200000, 0x0000000087300000, 0x0000000087300000|100%| O|  |TAMS 0x0000000087200000, 0x0000000087200000| Untracked 
|  93|0x0000000087300000, 0x0000000087400000, 0x0000000087400000|100%| O|  |TAMS 0x0000000087300000, 0x0000000087300000| Untracked 
|  94|0x0000000087400000, 0x0000000087500000, 0x0000000087500000|100%| O|  |TAMS 0x0000000087400000, 0x0000000087400000| Untracked 
|  95|0x0000000087500000, 0x0000000087600000, 0x0000000087600000|100%| O|  |TAMS 0x0000000087500000, 0x0000000087500000| Untracked 
|  96|0x0000000087600000, 0x0000000087700000, 0x0000000087700000|100%| O|  |TAMS 0x0000000087600000, 0x0000000087600000| Untracked 
|  97|0x0000000087700000, 0x0000000087800000, 0x0000000087800000|100%| O|  |TAMS 0x0000000087700000, 0x0000000087700000| Untracked 
|  98|0x0000000087800000, 0x0000000087900000, 0x0000000087900000|100%| O|  |TAMS 0x0000000087800000, 0x0000000087800000| Untracked 
|  99|0x0000000087900000, 0x0000000087a00000, 0x0000000087a00000|100%| O|  |TAMS 0x0000000087900000, 0x0000000087900000| Untracked 
| 100|0x0000000087a00000, 0x0000000087b00000, 0x0000000087b00000|100%| O|  |TAMS 0x0000000087a00000, 0x0000000087a00000| Untracked 
| 101|0x0000000087b00000, 0x0000000087c00000, 0x0000000087c00000|100%| O|  |TAMS 0x0000000087b00000, 0x0000000087b00000| Untracked 
| 102|0x0000000087c00000, 0x0000000087d00000, 0x0000000087d00000|100%| O|  |TAMS 0x0000000087c00000, 0x0000000087c00000| Untracked 
| 103|0x0000000087d00000, 0x0000000087e00000, 0x0000000087e00000|100%| O|  |TAMS 0x0000000087d00000, 0x0000000087d00000| Untracked 
| 104|0x0000000087e00000, 0x0000000087f00000, 0x0000000087f00000|100%| O|  |TAMS 0x0000000087e00000, 0x0000000087e00000| Untracked 
| 105|0x0000000087f00000, 0x0000000088000000, 0x0000000088000000|100%| O|  |TAMS 0x0000000087f00000, 0x0000000087f00000| Untracked 
| 106|0x0000000088000000, 0x0000000088100000, 0x0000000088100000|100%| O|  |TAMS 0x0000000088000000, 0x0000000088000000| Untracked 
| 107|0x0000000088100000, 0x0000000088200000, 0x0000000088200000|100%| O|  |TAMS 0x0000000088100000, 0x0000000088100000| Untracked 
| 108|0x0000000088200000, 0x0000000088300000, 0x0000000088300000|100%| O|  |TAMS 0x0000000088200000, 0x0000000088200000| Untracked 
| 109|0x0000000088300000, 0x0000000088400000, 0x0000000088400000|100%| O|  |TAMS 0x0000000088300000, 0x0000000088300000| Untracked 
| 110|0x0000000088400000, 0x0000000088500000, 0x0000000088500000|100%| O|  |TAMS 0x0000000088400000, 0x0000000088400000| Untracked 
| 111|0x0000000088500000, 0x0000000088600000, 0x0000000088600000|100%| O|  |TAMS 0x0000000088500000, 0x0000000088500000| Untracked 
| 112|0x0000000088600000, 0x0000000088700000, 0x0000000088700000|100%| O|  |TAMS 0x0000000088600000, 0x0000000088600000| Untracked 
| 113|0x0000000088700000, 0x0000000088800000, 0x0000000088800000|100%| O|  |TAMS 0x0000000088700000, 0x0000000088700000| Untracked 
| 114|0x0000000088800000, 0x0000000088900000, 0x0000000088900000|100%| O|  |TAMS 0x0000000088800000, 0x0000000088800000| Untracked 
| 115|0x0000000088900000, 0x0000000088980000, 0x0000000088a00000| 50%| O|  |TAMS 0x0000000088900000, 0x0000000088900000| Untracked 
| 116|0x0000000088a00000, 0x0000000088a00000, 0x0000000088b00000|  0%| F|  |TAMS 0x0000000088a00000, 0x0000000088a00000| Untracked 
| 117|0x0000000088b00000, 0x0000000088b00000, 0x0000000088c00000|  0%| F|  |TAMS 0x0000000088b00000, 0x0000000088b00000| Untracked 
| 118|0x0000000088c00000, 0x0000000088c00000, 0x0000000088d00000|  0%| F|  |TAMS 0x0000000088c00000, 0x0000000088c00000| Untracked 
| 119|0x0000000088d00000, 0x0000000088d00000, 0x0000000088e00000|  0%| F|  |TAMS 0x0000000088d00000, 0x0000000088d00000| Untracked 
| 120|0x0000000088e00000, 0x0000000088e00000, 0x0000000088f00000|  0%| F|  |TAMS 0x0000000088e00000, 0x0000000088e00000| Untracked 
| 121|0x0000000088f00000, 0x0000000088f00000, 0x0000000089000000|  0%| F|  |TAMS 0x0000000088f00000, 0x0000000088f00000| Untracked 
| 122|0x0000000089000000, 0x0000000089000000, 0x0000000089100000|  0%| F|  |TAMS 0x0000000089000000, 0x0000000089000000| Untracked 
| 123|0x0000000089100000, 0x0000000089100000, 0x0000000089200000|  0%| F|  |TAMS 0x0000000089100000, 0x0000000089100000| Untracked 
| 124|0x0000000089200000, 0x0000000089200000, 0x0000000089300000|  0%| F|  |TAMS 0x0000000089200000, 0x0000000089200000| Untracked 
| 125|0x0000000089300000, 0x0000000089300000, 0x0000000089400000|  0%| F|  |TAMS 0x0000000089300000, 0x0000000089300000| Untracked 
| 126|0x0000000089400000, 0x0000000089400000, 0x0000000089500000|  0%| F|  |TAMS 0x0000000089400000, 0x0000000089400000| Untracked 
| 127|0x0000000089500000, 0x0000000089500000, 0x0000000089600000|  0%| F|  |TAMS 0x0000000089500000, 0x0000000089500000| Untracked 
| 128|0x0000000089600000, 0x0000000089600000, 0x0000000089700000|  0%| F|  |TAMS 0x0000000089600000, 0x0000000089600000| Untracked 
| 129|0x0000000089700000, 0x0000000089700000, 0x0000000089800000|  0%| F|  |TAMS 0x0000000089700000, 0x0000000089700000| Untracked 
| 130|0x0000000089800000, 0x0000000089800000, 0x0000000089900000|  0%| F|  |TAMS 0x0000000089800000, 0x0000000089800000| Untracked 
| 131|0x0000000089900000, 0x0000000089900000, 0x0000000089a00000|  0%| F|  |TAMS 0x0000000089900000, 0x0000000089900000| Untracked 
| 132|0x0000000089a00000, 0x0000000089a00000, 0x0000000089b00000|  0%| F|  |TAMS 0x0000000089a00000, 0x0000000089a00000| Untracked 
| 133|0x0000000089b00000, 0x0000000089b00000, 0x0000000089c00000|  0%| F|  |TAMS 0x0000000089b00000, 0x0000000089b00000| Untracked 
| 134|0x0000000089c00000, 0x0000000089c00000, 0x0000000089d00000|  0%| F|  |TAMS 0x0000000089c00000, 0x0000000089c00000| Untracked 
| 135|0x0000000089d00000, 0x0000000089d00000, 0x0000000089e00000|  0%| F|  |TAMS 0x0000000089d00000, 0x0000000089d00000| Untracked 
| 136|0x0000000089e00000, 0x0000000089e00000, 0x0000000089f00000|  0%| F|  |TAMS 0x0000000089e00000, 0x0000000089e00000| Untracked 
| 137|0x0000000089f00000, 0x0000000089f00000, 0x000000008a000000|  0%| F|  |TAMS 0x0000000089f00000, 0x0000000089f00000| Untracked 
| 138|0x000000008a000000, 0x000000008a000000, 0x000000008a100000|  0%| F|  |TAMS 0x000000008a000000, 0x000000008a000000| Untracked 
| 139|0x000000008a100000, 0x000000008a100000, 0x000000008a200000|  0%| F|  |TAMS 0x000000008a100000, 0x000000008a100000| Untracked 
| 140|0x000000008a200000, 0x000000008a200000, 0x000000008a300000|  0%| F|  |TAMS 0x000000008a200000, 0x000000008a200000| Untracked 
| 141|0x000000008a300000, 0x000000008a300000, 0x000000008a400000|  0%| F|  |TAMS 0x000000008a300000, 0x000000008a300000| Untracked 
| 142|0x000000008a400000, 0x000000008a400000, 0x000000008a500000|  0%| F|  |TAMS 0x000000008a400000, 0x000000008a400000| Untracked 
| 143|0x000000008a500000, 0x000000008a500000, 0x000000008a600000|  0%| F|  |TAMS 0x000000008a500000, 0x000000008a500000| Untracked 
| 144|0x000000008a600000, 0x000000008a600000, 0x000000008a700000|  0%| F|  |TAMS 0x000000008a600000, 0x000000008a600000| Untracked 
| 145|0x000000008a700000, 0x000000008a700000, 0x000000008a800000|  0%| F|  |TAMS 0x000000008a700000, 0x000000008a700000| Untracked 
| 146|0x000000008a800000, 0x000000008a800000, 0x000000008a900000|  0%| F|  |TAMS 0x000000008a800000, 0x000000008a800000| Untracked 
| 147|0x000000008a900000, 0x000000008a900000, 0x000000008aa00000|  0%| F|  |TAMS 0x000000008a900000, 0x000000008a900000| Untracked 
| 148|0x000000008aa00000, 0x000000008aa00000, 0x000000008ab00000|  0%| F|  |TAMS 0x000000008aa00000, 0x000000008aa00000| Untracked 
| 149|0x000000008ab00000, 0x000000008ab6d310, 0x000000008ac00000| 42%| S|CS|TAMS 0x000000008ab00000, 0x000000008ab00000| Complete 
| 150|0x000000008ac00000, 0x000000008ac00000, 0x000000008ad00000|  0%| F|  |TAMS 0x000000008ac00000, 0x000000008ac00000| Untracked 
| 151|0x000000008ad00000, 0x000000008ad00000, 0x000000008ae00000|  0%| F|  |TAMS 0x000000008ad00000, 0x000000008ad00000| Untracked 
| 152|0x000000008ae00000, 0x000000008ae00000, 0x000000008af00000|  0%| F|  |TAMS 0x000000008ae00000, 0x000000008ae00000| Untracked 
| 153|0x000000008af00000, 0x000000008af00000, 0x000000008b000000|  0%| F|  |TAMS 0x000000008af00000, 0x000000008af00000| Untracked 
| 154|0x000000008b000000, 0x000000008b100000, 0x000000008b100000|100%| S|CS|TAMS 0x000000008b000000, 0x000000008b000000| Complete 
| 155|0x000000008b100000, 0x000000008b100000, 0x000000008b200000|  0%| F|  |TAMS 0x000000008b100000, 0x000000008b100000| Untracked 
| 156|0x000000008b200000, 0x000000008b200000, 0x000000008b300000|  0%| F|  |TAMS 0x000000008b200000, 0x000000008b200000| Untracked 
| 157|0x000000008b300000, 0x000000008b300000, 0x000000008b400000|  0%| F|  |TAMS 0x000000008b300000, 0x000000008b300000| Untracked 
| 158|0x000000008b400000, 0x000000008b400000, 0x000000008b500000|  0%| F|  |TAMS 0x000000008b400000, 0x000000008b400000| Untracked 
| 159|0x000000008b500000, 0x000000008b500000, 0x000000008b600000|  0%| F|  |TAMS 0x000000008b500000, 0x000000008b500000| Untracked 
| 160|0x000000008b600000, 0x000000008b600000, 0x000000008b700000|  0%| F|  |TAMS 0x000000008b600000, 0x000000008b600000| Untracked 
| 161|0x000000008b700000, 0x000000008b700000, 0x000000008b800000|  0%| F|  |TAMS 0x000000008b700000, 0x000000008b700000| Untracked 
| 162|0x000000008b800000, 0x000000008b800000, 0x000000008b900000|  0%| F|  |TAMS 0x000000008b800000, 0x000000008b800000| Untracked 
| 163|0x000000008b900000, 0x000000008b900000, 0x000000008ba00000|  0%| F|  |TAMS 0x000000008b900000, 0x000000008b900000| Untracked 
| 164|0x000000008ba00000, 0x000000008ba00000, 0x000000008bb00000|  0%| F|  |TAMS 0x000000008ba00000, 0x000000008ba00000| Untracked 
| 165|0x000000008bb00000, 0x000000008bb00000, 0x000000008bc00000|  0%| F|  |TAMS 0x000000008bb00000, 0x000000008bb00000| Untracked 
| 166|0x000000008bc00000, 0x000000008bc00000, 0x000000008bd00000|  0%| F|  |TAMS 0x000000008bc00000, 0x000000008bc00000| Untracked 
| 167|0x000000008bd00000, 0x000000008bd00000, 0x000000008be00000|  0%| F|  |TAMS 0x000000008bd00000, 0x000000008bd00000| Untracked 
| 168|0x000000008be00000, 0x000000008be00000, 0x000000008bf00000|  0%| F|  |TAMS 0x000000008be00000, 0x000000008be00000| Untracked 
| 169|0x000000008bf00000, 0x000000008bf00000, 0x000000008c000000|  0%| F|  |TAMS 0x000000008bf00000, 0x000000008bf00000| Untracked 
| 170|0x000000008c000000, 0x000000008c000000, 0x000000008c100000|  0%| F|  |TAMS 0x000000008c000000, 0x000000008c000000| Untracked 
| 171|0x000000008c100000, 0x000000008c100000, 0x000000008c200000|  0%| F|  |TAMS 0x000000008c100000, 0x000000008c100000| Untracked 
| 172|0x000000008c200000, 0x000000008c200000, 0x000000008c300000|  0%| F|  |TAMS 0x000000008c200000, 0x000000008c200000| Untracked 
| 173|0x000000008c300000, 0x000000008c300000, 0x000000008c400000|  0%| F|  |TAMS 0x000000008c300000, 0x000000008c300000| Untracked 
| 174|0x000000008c400000, 0x000000008c400000, 0x000000008c500000|  0%| F|  |TAMS 0x000000008c400000, 0x000000008c400000| Untracked 
| 175|0x000000008c500000, 0x000000008c500000, 0x000000008c600000|  0%| F|  |TAMS 0x000000008c500000, 0x000000008c500000| Untracked 
| 176|0x000000008c600000, 0x000000008c600000, 0x000000008c700000|  0%| F|  |TAMS 0x000000008c600000, 0x000000008c600000| Untracked 
| 177|0x000000008c700000, 0x000000008c700000, 0x000000008c800000|  0%| F|  |TAMS 0x000000008c700000, 0x000000008c700000| Untracked 
| 178|0x000000008c800000, 0x000000008c800000, 0x000000008c900000|  0%| F|  |TAMS 0x000000008c800000, 0x000000008c800000| Untracked 
| 179|0x000000008c900000, 0x000000008c900000, 0x000000008ca00000|  0%| F|  |TAMS 0x000000008c900000, 0x000000008c900000| Untracked 
| 180|0x000000008ca00000, 0x000000008ca00000, 0x000000008cb00000|  0%| F|  |TAMS 0x000000008ca00000, 0x000000008ca00000| Untracked 
| 181|0x000000008cb00000, 0x000000008cb00000, 0x000000008cc00000|  0%| F|  |TAMS 0x000000008cb00000, 0x000000008cb00000| Untracked 
| 182|0x000000008cc00000, 0x000000008cc00000, 0x000000008cd00000|  0%| F|  |TAMS 0x000000008cc00000, 0x000000008cc00000| Untracked 
| 183|0x000000008cd00000, 0x000000008cd00000, 0x000000008ce00000|  0%| F|  |TAMS 0x000000008cd00000, 0x000000008cd00000| Untracked 

Card table byte_map: [0x00000285ddbc0000,0x00000285ddfc0000] _byte_map_base: 0x00000285dd7b5000

Marking Bits (Prev, Next): (CMBitMap*) 0x00000285cb02cea0, (CMBitMap*) 0x00000285cb02cee0
 Prev Bits: [0x00000285de3c0000, 0x00000285e0368000)
 Next Bits: [0x00000285e0370000, 0x00000285e2318000)

Polling page: 0x00000285ca790000

Metaspace:

Usage:
  Non-class:     70.66 MB used.
      Class:      8.81 MB used.
       Both:     79.47 MB used.

Virtual space:
  Non-class space:       72.00 MB reserved,      70.88 MB ( 98%) committed,  9 nodes.
      Class space:        1.00 GB reserved,       9.00 MB ( <1%) committed,  1 nodes.
             Both:        1.07 GB reserved,      79.88 MB (  7%) committed. 

Chunk freelists:
   Non-Class:  736.00 KB
       Class:  3.05 MB
        Both:  3.77 MB

MaxMetaspaceSize: unlimited
CompressedClassSpaceSize: 1.00 GB
Initial GC threshold: 21.00 MB
Current GC threshold: 100.62 MB
CDS: off
MetaspaceReclaimPolicy: balanced
 - commit_granule_bytes: 65536.
 - commit_granule_words: 8192.
 - virtual_space_node_default_size: 1048576.
 - enlarge_chunks_in_place: 1.
 - new_chunks_are_fully_committed: 0.
 - uncommit_free_chunks: 1.
 - use_allocation_guard: 0.
 - handle_deallocations: 1.


Internal statistics:

num_allocs_failed_limit: 6.
num_arena_births: 514.
num_arena_deaths: 0.
num_vsnodes_births: 10.
num_vsnodes_deaths: 0.
num_space_committed: 1276.
num_space_uncommitted: 0.
num_chunks_returned_to_freelist: 6.
num_chunks_taken_from_freelist: 3252.
num_chunk_merges: 6.
num_chunk_splits: 2551.
num_chunks_enlarged: 2172.
num_purges: 0.
num_inconsistent_stats: 0.

CodeHeap 'non-profiled nmethods': size=120000Kb used=8567Kb max_used=8567Kb free=111432Kb
 bounds [0x00000285d5f60000, 0x00000285d67c0000, 0x00000285dd490000]
CodeHeap 'profiled nmethods': size=120000Kb used=39665Kb max_used=39665Kb free=80334Kb
 bounds [0x00000285ce490000, 0x00000285d0b50000, 0x00000285d59c0000]
CodeHeap 'non-nmethods': size=5760Kb used=1398Kb max_used=1525Kb free=4361Kb
 bounds [0x00000285d59c0000, 0x00000285d5c30000, 0x00000285d5f60000]
 total_blobs=14433 nmethods=13710 adapters=630
 compilation: enabled
              stopped_count=0, restarted_count=0
 full_count=0

Compilation events (20 events):
Event: 26.126 Thread 0x00000285e5843200 nmethod 16837 0x00000285d0b4ab10 code [0x00000285d0b4ad60, 0x00000285d0b4b648]
Event: 26.126 Thread 0x00000285e5843200 16838       3       org.jetbrains.kotlin.ir.util.TransformKt::replaceInPlace (123 bytes)
Event: 26.128 Thread 0x00000285e5843200 nmethod 16838 0x00000285d0b4b910 code [0x00000285d0b4bbe0, 0x00000285d0b4cc28]
Event: 26.128 Thread 0x00000285e5843200 16834       3       org.jetbrains.kotlin.ir.visitors.IrElementTransformerVoid::visitTypeParameter (12 bytes)
Event: 26.128 Thread 0x00000285e5843200 nmethod 16834 0x00000285d0b4d190 code [0x00000285d0b4d3a0, 0x00000285d0b4da08]
Event: 26.129 Thread 0x00000285e5843200 16835       3       org.jetbrains.kotlin.ir.visitors.IrElementTransformerVoid::visitTypeParameter (15 bytes)
Event: 26.129 Thread 0x00000285e5843200 nmethod 16835 0x00000285d0b4dc90 code [0x00000285d0b4dea0, 0x00000285d0b4e508]
Event: 26.129 Thread 0x00000285e5843200 16839       3       org.jetbrains.kotlin.backend.jvm.lower.SingletonOrConstantDelegationTransformer$visitClass$1::invoke (9 bytes)
Event: 26.130 Thread 0x00000285e5843200 nmethod 16839 0x00000285d0b4e790 code [0x00000285d0b4e940, 0x00000285d0b4eb88]
Event: 26.130 Thread 0x00000285e5843200 16840       3       org.jetbrains.kotlin.backend.jvm.lower.SingletonOrConstantDelegationTransformer$visitClass$1::invoke (39 bytes)
Event: 26.131 Thread 0x00000285e5843200 nmethod 16840 0x00000285d0b4ec90 code [0x00000285d0b4eee0, 0x00000285d0b4f7c8]
Event: 26.134 Thread 0x00000285e5842760 nmethod 16753 0x00000285d67b8790 code [0x00000285d67b8a20, 0x00000285d67bb5d0]
Event: 26.135 Thread 0x00000285e5843200 16841       3       kotlin.collections.CollectionsKt___CollectionsKt::joinToString$default (94 bytes)
Event: 26.135 Thread 0x00000285e5843200 nmethod 16841 0x00000285d0b4fa90 code [0x00000285d0b4fc40, 0x00000285d0b4ff08]
Event: 26.137 Thread 0x00000285e5843200 16842       1       org.jetbrains.kotlin.backend.common.phaser.ActionState::getBeforeOrAfter (5 bytes)
Event: 26.137 Thread 0x00000285e5843200 nmethod 16842 0x00000285d67bd510 code [0x00000285d67bd6a0, 0x00000285d67bd778]
Event: 26.137 Thread 0x00000285e5843200 16843       1       org.jetbrains.kotlin.backend.common.phaser.ActionState::getConfig (5 bytes)
Event: 26.138 Thread 0x00000285e5843200 nmethod 16843 0x00000285d67bd810 code [0x00000285d67bd9a0, 0x00000285d67bda78]
Event: 26.138 Thread 0x00000285e5843200 16844       1       org.jetbrains.kotlin.backend.common.phaser.ActionState::getPhase (5 bytes)
Event: 26.138 Thread 0x00000285e5843200 nmethod 16844 0x00000285d67bdb10 code [0x00000285d67bdca0, 0x00000285d67bdd78]

GC Heap History (20 events):
Event: 9.274 GC heap after
{Heap after GC invocations=22 (full 0):
 garbage-first heap   total 100352K, used 52355K [0x0000000081600000, 0x0000000100000000)
  region size 1024K, 3 young (3072K), 3 survivors (3072K)
 Metaspace       used 60230K, committed 60480K, reserved 1105920K
  class space    used 7167K, committed 7296K, reserved 1048576K
}
Event: 10.265 GC heap before
{Heap before GC invocations=22 (full 0):
 garbage-first heap   total 100352K, used 76931K [0x0000000081600000, 0x0000000100000000)
  region size 1024K, 28 young (28672K), 3 survivors (3072K)
 Metaspace       used 61512K, committed 61760K, reserved 1105920K
  class space    used 7262K, committed 7360K, reserved 1048576K
}
Event: 10.284 GC heap after
{Heap after GC invocations=23 (full 0):
 garbage-first heap   total 100352K, used 55930K [0x0000000081600000, 0x0000000100000000)
  region size 1024K, 4 young (4096K), 4 survivors (4096K)
 Metaspace       used 61512K, committed 61760K, reserved 1105920K
  class space    used 7262K, committed 7360K, reserved 1048576K
}
Event: 11.035 GC heap before
{Heap before GC invocations=24 (full 0):
 garbage-first heap   total 100352K, used 79482K [0x0000000081600000, 0x0000000100000000)
  region size 1024K, 27 young (27648K), 4 survivors (4096K)
 Metaspace       used 62138K, committed 62464K, reserved 1105920K
  class space    used 7281K, committed 7488K, reserved 1048576K
}
Event: 11.052 GC heap after
{Heap after GC invocations=25 (full 0):
 garbage-first heap   total 100352K, used 60309K [0x0000000081600000, 0x0000000100000000)
  region size 1024K, 4 young (4096K), 4 survivors (4096K)
 Metaspace       used 62138K, committed 62464K, reserved 1105920K
  class space    used 7281K, committed 7488K, reserved 1048576K
}
Event: 11.063 GC heap before
{Heap before GC invocations=25 (full 0):
 garbage-first heap   total 100352K, used 61333K [0x0000000081600000, 0x0000000100000000)
  region size 1024K, 5 young (5120K), 4 survivors (4096K)
 Metaspace       used 62144K, committed 62528K, reserved 1105920K
  class space    used 7281K, committed 7488K, reserved 1048576K
}
Event: 11.076 GC heap after
{Heap after GC invocations=26 (full 0):
 garbage-first heap   total 188416K, used 60729K [0x0000000081600000, 0x0000000100000000)
  region size 1024K, 1 young (1024K), 1 survivors (1024K)
 Metaspace       used 62144K, committed 62528K, reserved 1105920K
  class space    used 7281K, committed 7488K, reserved 1048576K
}
Event: 16.144 GC heap before
{Heap before GC invocations=26 (full 0):
 garbage-first heap   total 188416K, used 143673K [0x0000000081600000, 0x0000000100000000)
  region size 1024K, 80 young (81920K), 1 survivors (1024K)
 Metaspace       used 64945K, committed 65280K, reserved 1114112K
  class space    used 7427K, committed 7616K, reserved 1048576K
}
Event: 16.161 GC heap after
{Heap after GC invocations=27 (full 0):
 garbage-first heap   total 188416K, used 69892K [0x0000000081600000, 0x0000000100000000)
  region size 1024K, 8 young (8192K), 8 survivors (8192K)
 Metaspace       used 64945K, committed 65280K, reserved 1114112K
  class space    used 7427K, committed 7616K, reserved 1048576K
}
Event: 18.568 GC heap before
{Heap before GC invocations=27 (full 0):
 garbage-first heap   total 188416K, used 140548K [0x0000000081600000, 0x0000000100000000)
  region size 1024K, 76 young (77824K), 8 survivors (8192K)
 Metaspace       used 65429K, committed 65728K, reserved 1114112K
  class space    used 7453K, committed 7616K, reserved 1048576K
}
Event: 18.591 GC heap after
{Heap after GC invocations=28 (full 0):
 garbage-first heap   total 188416K, used 76511K [0x0000000081600000, 0x0000000100000000)
  region size 1024K, 7 young (7168K), 7 survivors (7168K)
 Metaspace       used 65429K, committed 65728K, reserved 1114112K
  class space    used 7453K, committed 7616K, reserved 1048576K
}
Event: 20.643 GC heap before
{Heap before GC invocations=28 (full 0):
 garbage-first heap   total 188416K, used 144095K [0x0000000081600000, 0x0000000100000000)
  region size 1024K, 73 young (74752K), 7 survivors (7168K)
 Metaspace       used 71843K, committed 72192K, reserved 1114112K
  class space    used 8044K, committed 8192K, reserved 1048576K
}
Event: 20.664 GC heap after
{Heap after GC invocations=29 (full 0):
 garbage-first heap   total 188416K, used 81478K [0x0000000081600000, 0x0000000100000000)
  region size 1024K, 5 young (5120K), 5 survivors (5120K)
 Metaspace       used 71843K, committed 72192K, reserved 1114112K
  class space    used 8044K, committed 8192K, reserved 1048576K
}
Event: 22.568 GC heap before
{Heap before GC invocations=29 (full 0):
 garbage-first heap   total 188416K, used 149062K [0x0000000081600000, 0x0000000100000000)
  region size 1024K, 71 young (72704K), 5 survivors (5120K)
 Metaspace       used 75211K, committed 75584K, reserved 1122304K
  class space    used 8429K, committed 8576K, reserved 1048576K
}
Event: 22.596 GC heap after
{Heap after GC invocations=30 (full 0):
 garbage-first heap   total 188416K, used 93769K [0x0000000081600000, 0x0000000100000000)
  region size 1024K, 9 young (9216K), 9 survivors (9216K)
 Metaspace       used 75211K, committed 75584K, reserved 1122304K
  class space    used 8429K, committed 8576K, reserved 1048576K
}
Event: 24.228 GC heap before
{Heap before GC invocations=30 (full 0):
 garbage-first heap   total 188416K, used 148041K [0x0000000081600000, 0x0000000100000000)
  region size 1024K, 62 young (63488K), 9 survivors (9216K)
 Metaspace       used 76605K, committed 76928K, reserved 1122304K
  class space    used 8541K, committed 8704K, reserved 1048576K
}
Event: 24.273 GC heap after
{Heap after GC invocations=31 (full 0):
 garbage-first heap   total 188416K, used 112999K [0x0000000081600000, 0x0000000100000000)
  region size 1024K, 8 young (8192K), 8 survivors (8192K)
 Metaspace       used 76605K, committed 76928K, reserved 1122304K
  class space    used 8541K, committed 8704K, reserved 1048576K
}
Event: 25.073 GC heap before
{Heap before GC invocations=31 (full 0):
 garbage-first heap   total 188416K, used 143719K [0x0000000081600000, 0x0000000100000000)
  region size 1024K, 38 young (38912K), 8 survivors (8192K)
 Metaspace       used 77541K, committed 77888K, reserved 1122304K
  class space    used 8616K, committed 8768K, reserved 1048576K
}
Event: 25.093 GC heap after
{Heap after GC invocations=32 (full 0):
 garbage-first heap   total 188416K, used 118065K [0x0000000081600000, 0x0000000100000000)
  region size 1024K, 4 young (4096K), 4 survivors (4096K)
 Metaspace       used 77541K, committed 77888K, reserved 1122304K
  class space    used 8616K, committed 8768K, reserved 1048576K
}
Event: 26.140 GC heap before
{Heap before GC invocations=32 (full 0):
 garbage-first heap   total 188416K, used 147761K [0x0000000081600000, 0x0000000100000000)
  region size 1024K, 33 young (33792K), 4 survivors (4096K)
 Metaspace       used 81376K, committed 81792K, reserved 1122304K
  class space    used 9018K, committed 9216K, reserved 1048576K
}

Dll operation events (2 events):
Event: 0.022 Loaded shared library C:\Program Files\Android\Android Studio1\jbr\bin\java.dll
Event: 1.963 Loaded shared library C:\Program Files\Android\Android Studio1\jbr\bin\verify.dll

Deoptimization events (20 events):
Event: 25.827 Thread 0x00000285cafcf160 Uncommon trap: trap_request=0xffffff66 fr.pc=0x00000285d6793f6c relative=0x000000000000298c
Event: 25.827 Thread 0x00000285cafcf160 Uncommon trap: reason=speculate_class_check action=maybe_recompile pc=0x00000285d6793f6c method=org.jetbrains.kotlin.ir.util.IrUtilsKt.getParentAsClass(Lorg/jetbrains/kotlin/ir/declarations/IrDeclaration;)Lorg/jetbrains/kotlin/ir/declarations/IrClass; @ 8
Event: 25.827 Thread 0x00000285cafcf160 DEOPT PACKING pc=0x00000285d6793f6c sp=0x000000d508dfcd50
Event: 25.828 Thread 0x00000285cafcf160 DEOPT UNPACKING pc=0x00000285d5a169a3 sp=0x000000d508dfcc50 mode 2
Event: 25.854 Thread 0x00000285cafcf160 Uncommon trap: trap_request=0xffffff45 fr.pc=0x00000285d6797fd0 relative=0x0000000000000430
Event: 25.854 Thread 0x00000285cafcf160 Uncommon trap: reason=unstable_if action=reinterpret pc=0x00000285d6797fd0 method=org.jetbrains.kotlin.ir.interpreter.checker.IrCompileTimeChecker.<init>(Lorg/jetbrains/kotlin/ir/IrElement;Lorg/jetbrains/kotlin/ir/interpreter/checker/EvaluationMode;Lorg/j
Event: 25.854 Thread 0x00000285cafcf160 DEOPT PACKING pc=0x00000285d6797fd0 sp=0x000000d508dfd810
Event: 25.854 Thread 0x00000285cafcf160 DEOPT UNPACKING pc=0x00000285d5a169a3 sp=0x000000d508dfd728 mode 2
Event: 25.854 Thread 0x00000285cafcf160 Uncommon trap: trap_request=0xffffff45 fr.pc=0x00000285d6797554 relative=0x00000000000003b4
Event: 25.854 Thread 0x00000285cafcf160 Uncommon trap: reason=unstable_if action=reinterpret pc=0x00000285d6797554 method=org.jetbrains.kotlin.ir.interpreter.checker.IrCompileTimeChecker.<init>(Lorg/jetbrains/kotlin/ir/IrElement;Lorg/jetbrains/kotlin/ir/interpreter/checker/EvaluationMode;Lorg/j
Event: 25.854 Thread 0x00000285cafcf160 DEOPT PACKING pc=0x00000285d6797554 sp=0x000000d508dfd760
Event: 25.854 Thread 0x00000285cafcf160 DEOPT UNPACKING pc=0x00000285d5a169a3 sp=0x000000d508dfd710 mode 2
Event: 26.012 Thread 0x00000285cafcf160 Uncommon trap: trap_request=0xffffff66 fr.pc=0x00000285d67ab3f4 relative=0x00000000000000d4
Event: 26.012 Thread 0x00000285cafcf160 Uncommon trap: reason=speculate_class_check action=maybe_recompile pc=0x00000285d67ab3f4 method=org.jetbrains.kotlin.ir.visitors.IrVisitorsKt.acceptChildrenVoid(Lorg/jetbrains/kotlin/ir/IrElement;Lorg/jetbrains/kotlin/ir/visitors/IrElementVisitorVoid;)V @
Event: 26.012 Thread 0x00000285cafcf160 DEOPT PACKING pc=0x00000285d67ab3f4 sp=0x000000d508dfa050
Event: 26.012 Thread 0x00000285cafcf160 DEOPT UNPACKING pc=0x00000285d5a169a3 sp=0x000000d508df9ea8 mode 2
Event: 26.013 Thread 0x00000285cafcf160 Uncommon trap: trap_request=0xffffff66 fr.pc=0x00000285d67ab3f4 relative=0x00000000000000d4
Event: 26.013 Thread 0x00000285cafcf160 Uncommon trap: reason=speculate_class_check action=maybe_recompile pc=0x00000285d67ab3f4 method=org.jetbrains.kotlin.ir.visitors.IrVisitorsKt.acceptChildrenVoid(Lorg/jetbrains/kotlin/ir/IrElement;Lorg/jetbrains/kotlin/ir/visitors/IrElementVisitorVoid;)V @
Event: 26.014 Thread 0x00000285cafcf160 DEOPT PACKING pc=0x00000285d67ab3f4 sp=0x000000d508df91b0
Event: 26.014 Thread 0x00000285cafcf160 DEOPT UNPACKING pc=0x00000285d5a169a3 sp=0x000000d508df9008 mode 2

Classes unloaded (0 events):
No events

Classes redefined (0 events):
No events

Internal exceptions (20 events):
Event: 8.559 Thread 0x00000285cafcf160 Exception <a 'java/lang/NoSuchMethodError'{0x0000000087057d10}: 'java.lang.Object java.lang.invoke.DirectMethodHandle$Holder.invokeStatic(java.lang.Object, int, java.lang.Object)'> (0x0000000087057d10) 
thrown [s\src\hotspot\share\interpreter\linkResolver.cpp, line 771]
Event: 9.071 Thread 0x00000285cafcf160 Exception <a 'java/lang/NoSuchMethodError'{0x00000000861527a0}: 'java.lang.Object java.lang.invoke.DirectMethodHandle$Holder.invokeInterface(java.lang.Object, java.lang.Object, java.lang.Object)'> (0x00000000861527a0) 
thrown [s\src\hotspot\share\interpreter\linkResolver.cpp, line 771]
Event: 9.072 Thread 0x00000285cafcf160 Exception <a 'java/lang/IncompatibleClassChangeError'{0x0000000086156110}: Found class java.lang.Object, but interface was expected> (0x0000000086156110) 
thrown [s\src\hotspot\share\interpreter\linkResolver.cpp, line 838]
Event: 9.392 Thread 0x00000285cafcf160 Exception <a 'java/lang/NoSuchMethodError'{0x00000000891166a0}: 'java.lang.Object java.lang.invoke.DirectMethodHandle$Holder.newInvokeSpecial(java.lang.Object, java.lang.Object, java.lang.Object, java.lang.Object, java.lang.Object, java.lang.Object, java.lang.Object)'> (0x00000000891166a0) 
thrown [s\src\hotspot\share\interpreter\linkResolver.cpp, line 771]
Event: 9.393 Thread 0x00000285cafcf160 Exception <a 'java/lang/NoSuchMethodError'{0x000000008911b258}: 'java.lang.Object java.lang.invoke.Invokers$Holder.linkToTargetMethod(java.lang.Object, java.lang.Object, java.lang.Object, java.lang.Object, java.lang.Object, java.lang.Object, java.lang.Object)'> (0x000000008911b258) 
thrown [s\src\hotspot\share\interpreter\linkResolver.cpp, line 771]
Event: 9.437 Thread 0x00000285cafcf160 Exception <a 'java/lang/NoSuchMethodError'{0x00000000891cebe0}: 'int java.lang.invoke.DirectMethodHandle$Holder.invokeStaticInit(java.lang.Object, int)'> (0x00000000891cebe0) 
thrown [s\src\hotspot\share\interpreter\linkResolver.cpp, line 771]
Event: 18.193 Thread 0x00000285cafcf160 Implicit null exception at 0x00000285d6077f94 to 0x00000285d607808c
Event: 18.193 Thread 0x00000285cafcf160 Implicit null exception at 0x00000285d5fdf4e0 to 0x00000285d5fdf57a
Event: 19.030 Thread 0x00000285cafcf160 Implicit null exception at 0x00000285d600716f to 0x00000285d6007344
Event: 19.870 Thread 0x00000285cafcf160 Exception <a 'java/lang/NoSuchMethodError'{0x000000008a3715f8}: 'java.lang.Object java.lang.invoke.DirectMethodHandle$Holder.invokeStaticInit(java.lang.Object, java.lang.Object, java.lang.Object, java.lang.Object)'> (0x000000008a3715f8) 
thrown [s\src\hotspot\share\interpreter\linkResolver.cpp, line 771]
Event: 20.294 Thread 0x00000285cafcf160 Exception <a 'java/lang/NoSuchMethodError'{0x0000000089513b48}: 'java.lang.Object java.lang.invoke.DirectMethodHandle$Holder.newInvokeSpecial(java.lang.Object, java.lang.Object, java.lang.Object, int, int)'> (0x0000000089513b48) 
thrown [s\src\hotspot\share\interpreter\linkResolver.cpp, line 771]
Event: 20.294 Thread 0x00000285cafcf160 Exception <a 'java/lang/NoSuchMethodError'{0x0000000089517988}: 'java.lang.Object java.lang.invoke.DirectMethodHandle$Holder.invokeSpecial(java.lang.Object, java.lang.Object, java.lang.Object, java.lang.Object, int, int)'> (0x0000000089517988) 
thrown [s\src\hotspot\share\interpreter\linkResolver.cpp, line 771]
Event: 20.845 Thread 0x00000285cafcf160 Exception <a 'java/lang/NoSuchMethodError'{0x000000008c90ef70}: 'java.lang.Object java.lang.invoke.DirectMethodHandle$Holder.newInvokeSpecial(java.lang.Object, java.lang.Object, int, int, java.lang.Object, java.lang.Object, java.lang.Object)'> (0x000000008c90ef70) 
thrown [s\src\hotspot\share\interpreter\linkResolver.cpp, line 771]
Event: 20.867 Thread 0x00000285cafcf160 Exception <a 'java/lang/NoSuchMethodError'{0x000000008c913608}: 'java.lang.Object java.lang.invoke.DirectMethodHandle$Holder.invokeSpecial(java.lang.Object, java.lang.Object, java.lang.Object, int, int, java.lang.Object, java.lang.Object, java.lang.Object)'> (0x000000008c913608) 
thrown [s\src\hotspot\share\interpreter\linkResolver.cpp, line 771]
Event: 21.045 Thread 0x00000285cafcf160 Exception <a 'java/lang/NoSuchMethodError'{0x000000008c6d1d48}: 'java.lang.Object java.lang.invoke.DirectMethodHandle$Holder.invokeSpecial(java.lang.Object, java.lang.Object, int, int, java.lang.Object, java.lang.Object, java.lang.Object, java.lang.Object, java.lang.Object)'> (0x000000008c6d1d48) 
thrown [s\src\hotspot\share\interpreter\linkResolver.cpp, line 771]
Event: 21.235 Thread 0x00000285cafcf160 Exception <a 'java/lang/NoSuchMethodError'{0x000000008c3c5f58}: 'java.lang.Object java.lang.invoke.DirectMethodHandle$Holder.newInvokeSpecial(java.lang.Object, int, java.lang.Object, java.lang.Object)'> (0x000000008c3c5f58) 
thrown [s\src\hotspot\share\interpreter\linkResolver.cpp, line 771]
Event: 21.750 Thread 0x00000285cafcf160 Implicit null exception at 0x00000285d5fca5ef to 0x00000285d5fca82c
Event: 21.791 Thread 0x00000285cafcf160 Exception <a 'java/lang/NoSuchMethodError'{0x000000008b9ccbb8}: 'java.lang.Object java.lang.invoke.DirectMethodHandle$Holder.invokeStatic(java.lang.Object, java.lang.Object, java.lang.Object, int, int, java.lang.Object, java.lang.Object, java.lang.Object, java.lang.Object)'> (0x000000008b9ccbb8) 
thrown [s\src\hotspot\share\interpreter\linkResolver.cpp, line 771]
Event: 21.792 Thread 0x00000285cafcf160 Exception <a 'java/lang/NoSuchMethodError'{0x000000008b9d6e80}: 'java.lang.Object java.lang.invoke.DirectMethodHandle$Holder.newInvokeSpecial(java.lang.Object, java.lang.Object, java.lang.Object, int, int, java.lang.Object)'> (0x000000008b9d6e80) 
thrown [s\src\hotspot\share\interpreter\linkResolver.cpp, line 771]
Event: 21.792 Thread 0x00000285cafcf160 Exception <a 'java/lang/NoSuchMethodError'{0x000000008b9de820}: 'java.lang.Object java.lang.invoke.Invokers$Holder.linkToTargetMethod(java.lang.Object, java.lang.Object, int, int, java.lang.Object, java.lang.Object)'> (0x000000008b9de820) 
thrown [s\src\hotspot\share\interpreter\linkResolver.cpp, line 771]

VM Operations (20 events):
Event: 25.223 Executing VM operation: HandshakeAllThreads done
Event: 25.350 Executing VM operation: HandshakeAllThreads
Event: 25.350 Executing VM operation: HandshakeAllThreads done
Event: 25.352 Executing VM operation: HandshakeAllThreads
Event: 25.352 Executing VM operation: HandshakeAllThreads done
Event: 25.370 Executing VM operation: HandshakeAllThreads
Event: 25.370 Executing VM operation: HandshakeAllThreads done
Event: 25.434 Executing VM operation: HandshakeAllThreads
Event: 25.434 Executing VM operation: HandshakeAllThreads done
Event: 25.504 Executing VM operation: ICBufferFull
Event: 25.504 Executing VM operation: ICBufferFull done
Event: 25.893 Executing VM operation: HandshakeAllThreads
Event: 25.893 Executing VM operation: HandshakeAllThreads done
Event: 26.027 Executing VM operation: ICBufferFull
Event: 26.027 Executing VM operation: ICBufferFull done
Event: 26.069 Executing VM operation: HandshakeAllThreads
Event: 26.069 Executing VM operation: HandshakeAllThreads done
Event: 26.078 Executing VM operation: HandshakeAllThreads
Event: 26.078 Executing VM operation: HandshakeAllThreads done
Event: 26.140 Executing VM operation: G1CollectForAllocation

Events (20 events):
Event: 23.247 Thread 0x00000285e5844b70 flushing nmethod 0x00000285d07d1110
Event: 23.247 Thread 0x00000285e5844b70 flushing nmethod 0x00000285d07efd90
Event: 23.247 Thread 0x00000285e5844b70 flushing nmethod 0x00000285d0834a10
Event: 24.497 loading class java/lang/invoke/BoundMethodHandle$Species_LLLLLLLL
Event: 24.498 loading class java/lang/invoke/BoundMethodHandle$Species_LLLLLLLL done
Event: 24.499 loading class java/lang/invoke/BoundMethodHandle$Species_LLLLLLLLL
Event: 24.499 loading class java/lang/invoke/BoundMethodHandle$Species_LLLLLLLLL done
Event: 24.500 loading class java/lang/invoke/LambdaFormEditor$1
Event: 24.500 loading class java/lang/invoke/LambdaFormEditor$1 done
Event: 24.500 loading class java/util/TreeMap$EntrySet
Event: 24.501 loading class java/util/TreeMap$EntrySet done
Event: 24.501 loading class java/util/TreeMap$EntryIterator
Event: 24.502 loading class java/util/TreeMap$EntryIterator done
Event: 25.128 loading class java/lang/invoke/BoundMethodHandle$Species_LLLLLLLLLL
Event: 25.128 loading class java/lang/invoke/BoundMethodHandle$Species_LLLLLLLLLL done
Event: 25.129 loading class java/lang/invoke/BoundMethodHandle$Species_LLLLLLLLLLL
Event: 25.130 loading class java/lang/invoke/BoundMethodHandle$Species_LLLLLLLLLLL done
Event: 25.449 Thread 0x00000285e5844b70 flushing nmethod 0x00000285ceeda910
Event: 25.464 Thread 0x00000285e5844b70 flushing nmethod 0x00000285cf107510
Event: 25.487 Thread 0x00000285e5844b70 flushing nmethod 0x00000285d0828b90


Dynamic libraries:
0x00007ff66fa30000 - 0x00007ff66fa3a000 	C:\Program Files\Android\Android Studio1\jbr\bin\java.exe
0x00007ffe73f50000 - 0x00007ffe74167000 	C:\WINDOWS\SYSTEM32\ntdll.dll
0x00007ffe72bc0000 - 0x00007ffe72c84000 	C:\WINDOWS\System32\KERNEL32.DLL
0x00007ffe71220000 - 0x00007ffe715da000 	C:\WINDOWS\System32\KERNELBASE.dll
0x00007ffe718e0000 - 0x00007ffe719f1000 	C:\WINDOWS\System32\ucrtbase.dll
0x00007ffe563b0000 - 0x00007ffe563c7000 	C:\Program Files\Android\Android Studio1\jbr\bin\jli.dll
0x00007ffe596c0000 - 0x00007ffe596db000 	C:\Program Files\Android\Android Studio1\jbr\bin\VCRUNTIME140.dll
0x00007ffe71c60000 - 0x00007ffe71e0e000 	C:\WINDOWS\System32\USER32.dll
0x00007ffe71bf0000 - 0x00007ffe71c16000 	C:\WINDOWS\System32\win32u.dll
0x00007ffe72000000 - 0x00007ffe72029000 	C:\WINDOWS\System32\GDI32.dll
0x00007ffe71740000 - 0x00007ffe7185b000 	C:\WINDOWS\System32\gdi32full.dll
0x00007ffe716a0000 - 0x00007ffe7173a000 	C:\WINDOWS\System32\msvcp_win.dll
0x00007ffe5d660000 - 0x00007ffe5d8f2000 	C:\WINDOWS\WinSxS\amd64_microsoft.windows.common-controls_6595b64144ccf1df_6.0.22621.4541_none_2710d1c57384c085\COMCTL32.dll
0x00007ffe734c0000 - 0x00007ffe73567000 	C:\WINDOWS\System32\msvcrt.dll
0x00007ffe72200000 - 0x00007ffe72231000 	C:\WINDOWS\System32\IMM32.DLL
0x00007ffe68e60000 - 0x00007ffe68e6c000 	C:\Program Files\Android\Android Studio1\jbr\bin\vcruntime140_1.dll
0x00007ffe53630000 - 0x00007ffe536bd000 	C:\Program Files\Android\Android Studio1\jbr\bin\msvcp140.dll
0x00007ffe06e00000 - 0x00007ffe07a6e000 	C:\Program Files\Android\Android Studio1\jbr\bin\server\jvm.dll
0x00007ffe72c90000 - 0x00007ffe72d42000 	C:\WINDOWS\System32\ADVAPI32.dll
0x00007ffe73570000 - 0x00007ffe73617000 	C:\WINDOWS\System32\sechost.dll
0x00007ffe71c20000 - 0x00007ffe71c48000 	C:\WINDOWS\System32\bcrypt.dll
0x00007ffe727d0000 - 0x00007ffe728e4000 	C:\WINDOWS\System32\RPCRT4.dll
0x00007ffe68e20000 - 0x00007ffe68e54000 	C:\WINDOWS\SYSTEM32\WINMM.dll
0x00007ffe58850000 - 0x00007ffe58859000 	C:\WINDOWS\SYSTEM32\WSOCK32.dll
0x00007ffe68bd0000 - 0x00007ffe68bda000 	C:\WINDOWS\SYSTEM32\VERSION.dll
0x00007ffe72960000 - 0x00007ffe729d1000 	C:\WINDOWS\System32\WS2_32.dll
0x00007ffe70350000 - 0x00007ffe70368000 	C:\WINDOWS\SYSTEM32\kernel.appcore.dll
0x00007ffe5b810000 - 0x00007ffe5b81a000 	C:\Program Files\Android\Android Studio1\jbr\bin\jimage.dll
0x00007ffe6eb70000 - 0x00007ffe6eda2000 	C:\WINDOWS\SYSTEM32\DBGHELP.DLL
0x00007ffe72f80000 - 0x00007ffe7330f000 	C:\WINDOWS\System32\combase.dll
0x00007ffe729e0000 - 0x00007ffe72ab7000 	C:\WINDOWS\System32\OLEAUT32.dll
0x00007ffe4b9a0000 - 0x00007ffe4b9d2000 	C:\WINDOWS\SYSTEM32\dbgcore.DLL
0x00007ffe71860000 - 0x00007ffe718db000 	C:\WINDOWS\System32\bcryptPrimitives.dll
0x00007ffe42ce0000 - 0x00007ffe42d05000 	C:\Program Files\Android\Android Studio1\jbr\bin\java.dll
0x00007ffe57d20000 - 0x00007ffe57d38000 	C:\Program Files\Android\Android Studio1\jbr\bin\zip.dll
0x00007ffe73620000 - 0x00007ffe73e98000 	C:\WINDOWS\System32\SHELL32.dll
0x00007ffe6f140000 - 0x00007ffe6fa48000 	C:\WINDOWS\SYSTEM32\windows.storage.dll
0x00007ffe6f000000 - 0x00007ffe6f13f000 	C:\WINDOWS\SYSTEM32\wintypes.dll
0x00007ffe733c0000 - 0x00007ffe734ba000 	C:\WINDOWS\System32\SHCORE.dll
0x00007ffe73eb0000 - 0x00007ffe73f0e000 	C:\WINDOWS\System32\shlwapi.dll
0x00007ffe71150000 - 0x00007ffe7117b000 	C:\WINDOWS\SYSTEM32\profapi.dll
0x00007ffe52ea0000 - 0x00007ffe52eb9000 	C:\Program Files\Android\Android Studio1\jbr\bin\net.dll
0x00007ffe68910000 - 0x00007ffe68a46000 	C:\WINDOWS\SYSTEM32\WINHTTP.dll
0x00007ffe707d0000 - 0x00007ffe70839000 	C:\WINDOWS\system32\mswsock.dll
0x00007ffe52dd0000 - 0x00007ffe52de6000 	C:\Program Files\Android\Android Studio1\jbr\bin\nio.dll
0x00007ffe68770000 - 0x00007ffe68780000 	C:\Program Files\Android\Android Studio1\jbr\bin\verify.dll

dbghelp: loaded successfully - version: 4.0.5 - missing functions: none
symbol engine: initialized successfully - sym options: 0x614 - pdb path: .;C:\Program Files\Android\Android Studio1\jbr\bin;C:\WINDOWS\SYSTEM32;C:\WINDOWS\WinSxS\amd64_microsoft.windows.common-controls_6595b64144ccf1df_6.0.22621.4541_none_2710d1c57384c085;C:\Program Files\Android\Android Studio1\jbr\bin\server

VM Arguments:
java_command: org.jetbrains.kotlin.cli.jvm.K2JVMCompiler @C:\Users\jtm06\AndroidStudioProjects\cmong_pilates_attendance_project\presentation\build\20241227_18080313670707012381.compiler.options
java_class_path (initial): C:\Users\jtm06\.gradle\caches\modules-2\files-2.1\org.jetbrains.kotlin\kotlin-compiler-embeddable\1.9.0\2c8c3a7402becca891f12739b3e9fd2dc2adbd7a\kotlin-compiler-embeddable-1.9.0.jar;C:\Users\jtm06\.gradle\caches\modules-2\files-2.1\org.jetbrains.kotlin\kotlin-stdlib\1.9.0\8ee15ef0c67dc83d874f412d84378d7f0eb50b63\kotlin-stdlib-1.9.0.jar;C:\Users\jtm06\.gradle\caches\modules-2\files-2.1\org.jetbrains.kotlin\kotlin-script-runtime\1.9.0\4b3102cbbb7e1b58d9d1adf89563f00069ffa7d1\kotlin-script-runtime-1.9.0.jar;C:\Users\jtm06\.gradle\caches\modules-2\files-2.1\org.jetbrains.kotlin\kotlin-reflect\1.6.10\1cbe9c92c12a94eea200d23c2bbaedaf3daf5132\kotlin-reflect-1.6.10.jar;C:\Users\jtm06\.gradle\caches\modules-2\files-2.1\org.jetbrains.kotlin\kotlin-daemon-embeddable\1.9.0\186543f5e28cf8d9a0290fecc2cf34301c40a65c\kotlin-daemon-embeddable-1.9.0.jar;C:\Users\jtm06\.gradle\caches\modules-2\files-2.1\org.jetbrains.intellij.deps\trove4j\1.0.20200330\3afb14d5f9ceb459d724e907a21145e8ff394f02\trove4j-1.0.20200330.jar;C:\Users\jtm06\.gradle\caches\modules-2\files-2.1\org.jetbrains.kotlin\kotlin-stdlib-common\1.9.0\cd65c21cfd1eec4d44ef09f9f52b6d9f8a720636\kotlin-stdlib-common-1.9.0.jar;C:\Users\jtm06\.gradle\caches\modules-2\files-2.1\org.jetbrains\annotations\13.0\919f0dfe192fb4e063e7dacadee7f8bb9a2672a9\annotations-13.0.jar
Launcher Type: SUN_STANDARD

[Global flags]
     intx CICompilerCount                          = 4                                         {product} {ergonomic}
     uint ConcGCThreads                            = 2                                         {product} {ergonomic}
     uint G1ConcRefinementThreads                  = 8                                         {product} {ergonomic}
   size_t G1HeapRegionSize                         = 1048576                                   {product} {ergonomic}
    uintx GCDrainStackTargetSize                   = 64                                        {product} {ergonomic}
   size_t InitialHeapSize                          = 134217728                                 {product} {ergonomic}
   size_t MarkStackSize                            = 4194304                                   {product} {ergonomic}
   size_t MaxHeapSize                              = 2124414976                                {product} {ergonomic}
   size_t MaxNewSize                               = 1274019840                                {product} {ergonomic}
   size_t MinHeapDeltaBytes                        = 1048576                                   {product} {ergonomic}
   size_t MinHeapSize                              = 8388608                                   {product} {ergonomic}
    uintx NonNMethodCodeHeapSize                   = 5839372                                {pd product} {ergonomic}
    uintx NonProfiledCodeHeapSize                  = 122909434                              {pd product} {ergonomic}
    uintx ProfiledCodeHeapSize                     = 122909434                              {pd product} {ergonomic}
    uintx ReservedCodeCacheSize                    = 251658240                              {pd product} {ergonomic}
     bool SegmentedCodeCache                       = true                                      {product} {ergonomic}
   size_t SoftMaxHeapSize                          = 2124414976                             {manageable} {ergonomic}
     bool UseCompressedClassPointers               = true                           {product lp64_product} {ergonomic}
     bool UseCompressedOops                        = true                           {product lp64_product} {ergonomic}
     bool UseG1GC                                  = true                                      {product} {ergonomic}
     bool UseLargePagesIndividualAllocation        = false                                  {pd product} {ergonomic}

Logging:
Log output configuration:
 #0: stdout all=warning uptime,level,tags
 #1: stderr all=off uptime,level,tags

Environment Variables:
PATH=C:\Program Files (x86)\Common Files\Oracle\Java\javapath;C:\Program Files (x86)\NAT Service;C:\Program Files (x86)\Intel\iCLS Client\;C:\Program Files\Intel\iCLS Client\;C:\windows\system32;C:\windows;C:\windows\System32\Wbem;C:\windows\System32\WindowsPowerShell\v1.0\;C:\Program Files (x86)\NVIDIA Corporation\PhysX\Common;C:\Program Files (x86)\Intel\Intel(R) Management Engine Components\DAL;C:\Program Files\Intel\Intel(R) Management Engine Components\DAL;C:\Program Files (x86)\Intel\Intel(R) Management Engine Components\IPT;C:\Program Files\Intel\Intel(R) Management Engine Components\IPT;C:\Program Files\Intel\WiFi\bin\;C:\Program Files\Common Files\Intel\WirelessCommon\;C:\WINDOWS\system32;C:\WINDOWS;C:\WINDOWS\System32\Wbem;C:\WINDOWS\System32\WindowsPowerShell\v1.0\;C:\WINDOWS\System32\OpenSSH\;C:\Program Files\Git\cmd;C:\MinGW\bin;D:\spring-2.2.6.RELEASE\bin;C:\Program Files (x86)\Yarn\bin\;C:\JavaProgramming\jdk1.8.0_65\bin;D:\bin\ffmpeg-4.2.2-win64-static\bin;D:\ffmpeg-3.2.14\ffmpeg-3.2.14;C:\Users\jtm06\AppData\Local\Android\Sdk\ndk\21.1.6352462;C:\Users\jtm06\AppData\Local\JetBrains\IntelliJ IDEA Community Edition 2020.1.2\bin;;C:\Users\jtm06\AppData\Local\Yarn\bin;C:\Users\jtm06\AppData\Local\Microsoft\WindowsApps;C:\Users\jtm06\platform-tools_r31.0.2-windows\platform-tools;
USERNAME=jtm06
OS=Windows_NT
PROCESSOR_IDENTIFIER=Intel64 Family 6 Model 142 Stepping 10, GenuineIntel
TMP=C:\Users\jtm06\AppData\Local\Temp
TEMP=C:\Users\jtm06\AppData\Local\Temp


JNI global refs:
JNI global refs: 10, weak refs: 0

JNI global refs memory usage: 843, weak refs: 841


---------------  S Y S T E M  ---------------

OS:
 Windows 11 , 64 bit Build 22621 (10.0.22621.4391)
OS uptime: 4 days 18:12 hours

CPU: total 8 (initial active 8) (4 cores per cpu, 2 threads per core) family 6 model 142 stepping 10 microcode 0xe0, cx8, cmov, fxsr, ht, mmx, 3dnowpref, sse, sse2, sse3, ssse3, sse4.1, sse4.2, popcnt, lzcnt, tsc, tscinvbit, avx, avx2, aes, erms, clmul, bmi1, bmi2, adx, fma, vzeroupper, clflush, clflushopt

Memory: 4k page, system-wide physical 8100M (743M free)
TotalPageFile size 32676M (AvailPageFile size 68M)
current process WorkingSet (physical memory assigned to process): 408M, peak: 435M
current process commit charge ("private bytes"): 446M, peak: 657M

vm_info: OpenJDK 64-Bit Server VM (17.0.6+0-b2043.56-10027231) for windows-amd64 JRE (17.0.6+0-b2043.56-10027231), built on Apr 28 2023 00:43:19 by "androidbuild" with MS VC++ 16.10 / 16.11 (VS2019)

END.
